<?xml version="1.0" encoding="UTF-8"?>
<!-- Generated by org.testng.reporters.JUnitXMLReporter -->
<testsuite hostname="ATMECSINLT-407" ignored="0" name="Test" tests="4" failures="0" timestamp="2020-11-25T17:20:37 IST" time="3.944" errors="0">
  <testcase name="postCreateUser" time="2.926" classname="com.atmecs.auth.testscripts.PostCreateUser"/>
  <testcase name="getUser" time="0.112" classname="com.atmecs.auth.testscripts.GetUser"/>
  <testcase name="updateUser" time="0.409" classname="com.atmecs.auth.testscripts.PutUpdateUser"/>
  <testcase name="deleteUser" time="0.427" classname="com.atmecs.auth.testscripts.DeleteUser"/>
</testsuite> <!-- Test -->
